<?xml version="1.0" encoding="UTF-8"?>
<!-- Generated by org.testng.reporters.JUnitReportReporter -->
<testsuite hostname="DESKTOP-NPAAFII" failures="0" tests="1" name="gmail_Testcase.Login_Testcase" time="0.452" errors="0" timestamp="2024-06-12T17:10:33 IST" skipped="0">
  <testcase classname="gmail_Testcase.Login_Testcase" name="login" time="0.452"/>
  <system-out/>
</testsuite> <!-- gmail_Testcase.Login_Testcase -->
